2023-07-24 23:07:804 INFO  StartPage :24 - click on start now button[[ChromeDriver: chrome on windows (299cec68322de24b0d29fd60fc03067b)] -> xpath: //a[@class='gem-c-button govuk-button govuk-button--start']]
2023-07-24 23:07:915 INFO  SelectNationalityPage :27 - select nationality Australia
2023-07-24 23:07:189 INFO  SelectNationalityPage :32 - click on next step button[[ChromeDriver: chrome on windows (299cec68322de24b0d29fd60fc03067b)] -> xpath: //button[contains(text(),'Continue')]]
2023-07-24 23:07:253 INFO  ReasonForTravelPage :33 - click on reason for visa[[ChromeDriver: chrome on windows (299cec68322de24b0d29fd60fc03067b)] -> xpath: //input[@id='response-0']]
2023-07-24 23:07:430 INFO  SelectNationalityPage :32 - click on next step button[[ChromeDriver: chrome on windows (299cec68322de24b0d29fd60fc03067b)] -> xpath: //button[contains(text(),'Continue')]]
2023-07-24 23:07:511 INFO  ResultPage :29 - getting text from[[ChromeDriver: chrome on windows (299cec68322de24b0d29fd60fc03067b)] -> xpath:  //h2[contains(text(),'You will not need a visa to come to the UK')]]
2023-07-24 23:07:339 INFO  StartPage :24 - click on start now button[[ChromeDriver: chrome on windows (78991c0bbce7287cd8c219658485b56d)] -> xpath: //a[@class='gem-c-button govuk-button govuk-button--start']]
2023-07-24 23:07:477 INFO  SelectNationalityPage :27 - select nationality Chile
2023-07-24 23:07:710 INFO  SelectNationalityPage :32 - click on next step button[[ChromeDriver: chrome on windows (78991c0bbce7287cd8c219658485b56d)] -> xpath: //button[contains(text(),'Continue')]]
2023-07-24 23:07:775 INFO  ReasonForTravelPage :38 - click on reason for visa[[ChromeDriver: chrome on windows (78991c0bbce7287cd8c219658485b56d)] -> xpath: //input[@id='response-1']]
2023-07-24 23:07:945 INFO  SelectNationalityPage :32 - click on next step button[[ChromeDriver: chrome on windows (78991c0bbce7287cd8c219658485b56d)] -> xpath: //button[contains(text(),'Continue')]]
2023-07-24 23:07:01 INFO  DurationOfStayPage :43 - select length of stay[[ChromeDriver: chrome on windows (78991c0bbce7287cd8c219658485b56d)] -> xpath: //input[@id='response-0']]
2023-07-24 23:07:167 INFO  SelectNationalityPage :32 - click on next step button[[ChromeDriver: chrome on windows (78991c0bbce7287cd8c219658485b56d)] -> xpath: //button[contains(text(),'Continue')]]
2023-07-24 23:07:222 INFO  WorkTypePage :26 - Select health and care provision[[ChromeDriver: chrome on windows (78991c0bbce7287cd8c219658485b56d)] -> xpath: //input[@id='response-0']]
2023-07-24 23:07:437 INFO  SelectNationalityPage :32 - click on next step button[[ChromeDriver: chrome on windows (78991c0bbce7287cd8c219658485b56d)] -> xpath: //button[contains(text(),'Continue')]]
2023-07-24 23:07:83 INFO  StartPage :24 - click on start now button[[ChromeDriver: chrome on windows (7ef5dbd16d28944010e0dd4891680d4e)] -> xpath: //a[@class='gem-c-button govuk-button govuk-button--start']]
2023-07-24 23:07:197 INFO  SelectNationalityPage :27 - select nationality Colombia
2023-07-24 23:07:446 INFO  SelectNationalityPage :32 - click on next step button[[ChromeDriver: chrome on windows (7ef5dbd16d28944010e0dd4891680d4e)] -> xpath: //button[contains(text(),'Continue')]]
2023-07-24 23:07:510 INFO  ReasonForTravelPage :33 - click on reason for visa[[ChromeDriver: chrome on windows (7ef5dbd16d28944010e0dd4891680d4e)] -> xpath: //input[@id='response-0']]
2023-07-24 23:07:696 INFO  SelectNationalityPage :32 - click on next step button[[ChromeDriver: chrome on windows (7ef5dbd16d28944010e0dd4891680d4e)] -> xpath: //button[contains(text(),'Continue')]]
2023-07-25 07:07:735 INFO  StartPage :24 - click on start now button[[ChromeDriver: chrome on windows (e243537f7dc2499a5f4c1f68323fcb51)] -> xpath: //a[@class='gem-c-button govuk-button govuk-button--start']]
2023-07-25 07:07:15 INFO  SelectNationalityPage :27 - select nationality Australia
2023-07-25 07:07:266 INFO  SelectNationalityPage :32 - click on next step button[[ChromeDriver: chrome on windows (e243537f7dc2499a5f4c1f68323fcb51)] -> xpath: //button[contains(text(),'Continue')]]
2023-07-25 07:07:429 INFO  ReasonForTravelPage :33 - click on reason for visa[[ChromeDriver: chrome on windows (e243537f7dc2499a5f4c1f68323fcb51)] -> xpath: //input[@id='response-0']]
2023-07-25 07:07:615 INFO  SelectNationalityPage :32 - click on next step button[[ChromeDriver: chrome on windows (e243537f7dc2499a5f4c1f68323fcb51)] -> xpath: //button[contains(text(),'Continue')]]
2023-07-25 07:07:857 INFO  ResultPage :29 - getting text from[[ChromeDriver: chrome on windows (e243537f7dc2499a5f4c1f68323fcb51)] -> xpath:  //h2[contains(text(),'You will not need a visa to come to the UK')]]
2023-07-25 08:07:564 INFO  StartPage :24 - click on start now button[[ChromeDriver: chrome on windows (69a8870e37d4320ea64e00a5029d8dea)] -> xpath: //a[@class='gem-c-button govuk-button govuk-button--start']]
2023-07-25 08:07:849 INFO  SelectNationalityPage :27 - select nationality Australia
2023-07-25 08:07:232 INFO  SelectNationalityPage :32 - click on next step button[[ChromeDriver: chrome on windows (69a8870e37d4320ea64e00a5029d8dea)] -> xpath: //button[contains(text(),'Continue')]]
2023-07-25 08:07:414 INFO  ReasonForTravelPage :33 - click on reason for visa[[ChromeDriver: chrome on windows (69a8870e37d4320ea64e00a5029d8dea)] -> xpath: //input[@id='response-0']]
2023-07-25 08:07:657 INFO  SelectNationalityPage :32 - click on next step button[[ChromeDriver: chrome on windows (69a8870e37d4320ea64e00a5029d8dea)] -> xpath: //button[contains(text(),'Continue')]]
2023-07-25 08:07:752 INFO  ResultPage :44 - getting text from[[ChromeDriver: chrome on windows (69a8870e37d4320ea64e00a5029d8dea)] -> xpath: //h2[contains(text(),'You will not need a visa to come to the UK')]]
2023-07-25 08:07:356 INFO  StartPage :24 - click on start now button[[ChromeDriver: chrome on windows (9717a4d51f2657af3a535557fc26ccfc)] -> xpath: //a[@class='gem-c-button govuk-button govuk-button--start']]
2023-07-25 08:07:634 INFO  SelectNationalityPage :27 - select nationality Chile
2023-07-25 08:07:43 INFO  SelectNationalityPage :32 - click on next step button[[ChromeDriver: chrome on windows (9717a4d51f2657af3a535557fc26ccfc)] -> xpath: //button[contains(text(),'Continue')]]
2023-07-25 08:07:196 INFO  ReasonForTravelPage :38 - click on reason for visa[[ChromeDriver: chrome on windows (9717a4d51f2657af3a535557fc26ccfc)] -> xpath: //input[@id='response-1']]
2023-07-25 08:07:621 INFO  SelectNationalityPage :32 - click on next step button[[ChromeDriver: chrome on windows (9717a4d51f2657af3a535557fc26ccfc)] -> xpath: //button[contains(text(),'Continue')]]
2023-07-25 08:07:698 INFO  DurationOfStayPage :43 - select length of stay[[ChromeDriver: chrome on windows (9717a4d51f2657af3a535557fc26ccfc)] -> xpath: //input[@id='response-0']]
2023-07-25 08:07:31 INFO  SelectNationalityPage :32 - click on next step button[[ChromeDriver: chrome on windows (9717a4d51f2657af3a535557fc26ccfc)] -> xpath: //button[contains(text(),'Continue')]]
2023-07-25 08:07:197 INFO  WorkTypePage :26 - Select health and care provision[[ChromeDriver: chrome on windows (9717a4d51f2657af3a535557fc26ccfc)] -> xpath: //input[@id='response-0']]
2023-07-25 08:07:601 INFO  SelectNationalityPage :32 - click on next step button[[ChromeDriver: chrome on windows (9717a4d51f2657af3a535557fc26ccfc)] -> xpath: //button[contains(text(),'Continue')]]
2023-07-25 08:07:183 INFO  StartPage :24 - click on start now button[[ChromeDriver: chrome on windows (05f0ac5b62cb897ecc871f1d99f9bbf9)] -> xpath: //a[@class='gem-c-button govuk-button govuk-button--start']]
2023-07-25 08:07:440 INFO  SelectNationalityPage :27 - select nationality Chile
2023-07-25 08:07:647 INFO  SelectNationalityPage :32 - click on next step button[[ChromeDriver: chrome on windows (05f0ac5b62cb897ecc871f1d99f9bbf9)] -> xpath: //button[contains(text(),'Continue')]]
2023-07-25 08:07:725 INFO  ReasonForTravelPage :38 - click on reason for visa[[ChromeDriver: chrome on windows (05f0ac5b62cb897ecc871f1d99f9bbf9)] -> xpath: //input[@id='response-1']]
2023-07-25 08:07:849 INFO  SelectNationalityPage :32 - click on next step button[[ChromeDriver: chrome on windows (05f0ac5b62cb897ecc871f1d99f9bbf9)] -> xpath: //button[contains(text(),'Continue')]]
2023-07-25 08:07:903 INFO  DurationOfStayPage :43 - select length of stay[[ChromeDriver: chrome on windows (05f0ac5b62cb897ecc871f1d99f9bbf9)] -> xpath: //input[@id='response-0']]
2023-07-25 08:07:359 INFO  SelectNationalityPage :32 - click on next step button[[ChromeDriver: chrome on windows (05f0ac5b62cb897ecc871f1d99f9bbf9)] -> xpath: //button[contains(text(),'Continue')]]
2023-07-25 08:07:565 INFO  WorkTypePage :26 - Select health and care provision[[ChromeDriver: chrome on windows (05f0ac5b62cb897ecc871f1d99f9bbf9)] -> xpath: //input[@id='response-0']]
2023-07-25 08:07:763 INFO  SelectNationalityPage :32 - click on next step button[[ChromeDriver: chrome on windows (05f0ac5b62cb897ecc871f1d99f9bbf9)] -> xpath: //button[contains(text(),'Continue')]]
2023-07-25 08:07:103 INFO  StartPage :24 - click on start now button[[ChromeDriver: chrome on windows (892b7d54da5d2df8cb38283e4e43d4bb)] -> xpath: //a[@class='gem-c-button govuk-button govuk-button--start']]
2023-07-25 08:07:345 INFO  SelectNationalityPage :27 - select nationality Chile
2023-07-25 08:07:694 INFO  SelectNationalityPage :32 - click on next step button[[ChromeDriver: chrome on windows (892b7d54da5d2df8cb38283e4e43d4bb)] -> xpath: //button[contains(text(),'Continue')]]
2023-07-25 08:07:780 INFO  ReasonForTravelPage :38 - click on reason for visa[[ChromeDriver: chrome on windows (892b7d54da5d2df8cb38283e4e43d4bb)] -> xpath: //input[@id='response-1']]
2023-07-25 08:07:919 INFO  SelectNationalityPage :32 - click on next step button[[ChromeDriver: chrome on windows (892b7d54da5d2df8cb38283e4e43d4bb)] -> xpath: //button[contains(text(),'Continue')]]
2023-07-25 08:07:29 INFO  DurationOfStayPage :38 - select length of stay[[ChromeDriver: chrome on windows (892b7d54da5d2df8cb38283e4e43d4bb)] -> xpath: //input[@id='response-0']]
2023-07-25 08:07:214 INFO  SelectNationalityPage :32 - click on next step button[[ChromeDriver: chrome on windows (892b7d54da5d2df8cb38283e4e43d4bb)] -> xpath: //button[contains(text(),'Continue')]]
2023-07-25 08:07:305 INFO  WorkTypePage :26 - Select health and care provision[[ChromeDriver: chrome on windows (892b7d54da5d2df8cb38283e4e43d4bb)] -> xpath: //input[@id='response-0']]
2023-07-25 08:07:609 INFO  SelectNationalityPage :32 - click on next step button[[ChromeDriver: chrome on windows (892b7d54da5d2df8cb38283e4e43d4bb)] -> xpath: //button[contains(text(),'Continue')]]
2023-07-25 08:07:655 INFO  ResultPage :44 - getting text from[[ChromeDriver: chrome on windows (892b7d54da5d2df8cb38283e4e43d4bb)] -> xpath: //h2[contains(text(),'You need a visa to work in health and care')]]
2023-07-25 08:07:185 INFO  StartPage :24 - click on start now button[[ChromeDriver: chrome on windows (86c1e0bd8488946872ffa0b0f4500e73)] -> xpath: //a[@class='gem-c-button govuk-button govuk-button--start']]
2023-07-25 08:07:441 INFO  SelectNationalityPage :27 - select nationality Colombia
2023-07-25 08:07:693 INFO  SelectNationalityPage :32 - click on next step button[[ChromeDriver: chrome on windows (86c1e0bd8488946872ffa0b0f4500e73)] -> xpath: //button[contains(text(),'Continue')]]
2023-07-25 08:07:771 INFO  ReasonForTravelPage :38 - click on reason for visa[[ChromeDriver: chrome on windows (86c1e0bd8488946872ffa0b0f4500e73)] -> xpath: //input[@id='response-1']]
2023-07-25 08:07:965 INFO  SelectNationalityPage :32 - click on next step button[[ChromeDriver: chrome on windows (86c1e0bd8488946872ffa0b0f4500e73)] -> xpath: //button[contains(text(),'Continue')]]
2023-07-25 08:07:278 INFO  SelectNationalityPage :32 - click on next step button[[ChromeDriver: chrome on windows (86c1e0bd8488946872ffa0b0f4500e73)] -> xpath: //button[contains(text(),'Continue')]]
2023-07-25 13:07:28 INFO  StartPage :24 - click on start now button[[ChromeDriver: chrome on windows (36ff8dec42d0570893d0c124449e29a6)] -> xpath: //a[@class='gem-c-button govuk-button govuk-button--start']]
2023-07-25 13:07:309 INFO  SelectNationalityPage :27 - select nationality Colombia
2023-07-25 13:07:586 INFO  SelectNationalityPage :32 - click on next step button[[ChromeDriver: chrome on windows (36ff8dec42d0570893d0c124449e29a6)] -> xpath: //button[contains(text(),'Continue')]]
2023-07-25 13:07:665 INFO  ReasonForTravelPage :38 - click on reason for visa[[ChromeDriver: chrome on windows (36ff8dec42d0570893d0c124449e29a6)] -> xpath: //input[@id='response-1']]
2023-07-25 13:07:872 INFO  SelectNationalityPage :32 - click on next step button[[ChromeDriver: chrome on windows (36ff8dec42d0570893d0c124449e29a6)] -> xpath: //button[contains(text(),'Continue')]]
2023-07-25 13:07:187 INFO  SelectNationalityPage :32 - click on next step button[[ChromeDriver: chrome on windows (36ff8dec42d0570893d0c124449e29a6)] -> xpath: //button[contains(text(),'Continue')]]
2023-07-25 14:07:57 INFO  StartPage :24 - click on start now button[[ChromeDriver: chrome on windows (84ae56f6b4c982014f8b84283de000af)] -> xpath: //a[@class='gem-c-button govuk-button govuk-button--start']]
2023-07-25 14:07:275 INFO  SelectNationalityPage :27 - select nationality Colombia
2023-07-25 14:07:476 INFO  SelectNationalityPage :32 - click on next step button[[ChromeDriver: chrome on windows (84ae56f6b4c982014f8b84283de000af)] -> xpath: //button[contains(text(),'Continue')]]
2023-07-25 14:07:618 INFO  ReasonForTravelPage :43 - click on reason for visa[[ChromeDriver: chrome on windows (84ae56f6b4c982014f8b84283de000af)] -> xpath: //input[@id='response-4']]
2023-07-25 14:07:760 INFO  SelectNationalityPage :32 - click on next step button[[ChromeDriver: chrome on windows (84ae56f6b4c982014f8b84283de000af)] -> xpath: //button[contains(text(),'Continue')]]
2023-07-25 14:07:489 INFO  StartPage :24 - click on start now button[[ChromeDriver: chrome on windows (209d4221cae3a7b3f3d0e5b86195ed0e)] -> xpath: //a[@class='gem-c-button govuk-button govuk-button--start']]
2023-07-25 14:07:752 INFO  SelectNationalityPage :27 - select nationality Cambodia
2023-07-25 14:07:876 INFO  SelectNationalityPage :32 - click on next step button[[ChromeDriver: chrome on windows (209d4221cae3a7b3f3d0e5b86195ed0e)] -> xpath: //button[contains(text(),'Continue')]]
2023-07-25 14:07:26 INFO  ReasonForTravelPage :43 - click on reason for visa[[ChromeDriver: chrome on windows (209d4221cae3a7b3f3d0e5b86195ed0e)] -> xpath: //input[@id='response-4']]
2023-07-25 14:07:182 INFO  SelectNationalityPage :32 - click on next step button[[ChromeDriver: chrome on windows (209d4221cae3a7b3f3d0e5b86195ed0e)] -> xpath: //button[contains(text(),'Continue')]]
2023-07-25 14:07:444 INFO  SelectNationalityPage :32 - click on next step button[[ChromeDriver: chrome on windows (209d4221cae3a7b3f3d0e5b86195ed0e)] -> xpath: //button[contains(text(),'Continue')]]
2023-07-25 14:07:487 INFO  StartPage :24 - click on start now button[[ChromeDriver: chrome on windows (f61cc11f3747e390772c3d1b91176b86)] -> xpath: //a[@class='gem-c-button govuk-button govuk-button--start']]
2023-07-25 14:07:771 INFO  SelectNationalityPage :27 - select nationality Cambodia
2023-07-25 14:07:43 INFO  SelectNationalityPage :32 - click on next step button[[ChromeDriver: chrome on windows (f61cc11f3747e390772c3d1b91176b86)] -> xpath: //button[contains(text(),'Continue')]]
2023-07-25 14:07:160 INFO  ReasonForTravelPage :43 - click on reason for visa[[ChromeDriver: chrome on windows (f61cc11f3747e390772c3d1b91176b86)] -> xpath: //input[@id='response-4']]
2023-07-25 14:07:274 INFO  SelectNationalityPage :32 - click on next step button[[ChromeDriver: chrome on windows (f61cc11f3747e390772c3d1b91176b86)] -> xpath: //button[contains(text(),'Continue')]]
2023-07-25 14:07:493 INFO  SelectNationalityPage :32 - click on next step button[[ChromeDriver: chrome on windows (f61cc11f3747e390772c3d1b91176b86)] -> xpath: //button[contains(text(),'Continue')]]
2023-07-25 14:07:229 INFO  StartPage :24 - click on start now button[[ChromeDriver: chrome on windows (4fe40af864eb2b4851763ea28aa637b8)] -> xpath: //a[@class='gem-c-button govuk-button govuk-button--start']]
2023-07-25 14:07:467 INFO  SelectNationalityPage :27 - select nationality Cambodia
2023-07-25 14:07:795 INFO  SelectNationalityPage :32 - click on next step button[[ChromeDriver: chrome on windows (4fe40af864eb2b4851763ea28aa637b8)] -> xpath: //button[contains(text(),'Continue')]]
2023-07-25 14:07:886 INFO  ReasonForTravelPage :43 - click on reason for visa[[ChromeDriver: chrome on windows (4fe40af864eb2b4851763ea28aa637b8)] -> xpath: //input[@id='response-4']]
2023-07-25 14:07:100 INFO  SelectNationalityPage :32 - click on next step button[[ChromeDriver: chrome on windows (4fe40af864eb2b4851763ea28aa637b8)] -> xpath: //button[contains(text(),'Continue')]]
2023-07-25 14:07:319 INFO  SelectNationalityPage :32 - click on next step button[[ChromeDriver: chrome on windows (4fe40af864eb2b4851763ea28aa637b8)] -> xpath: //button[contains(text(),'Continue')]]
2023-07-25 14:07:368 INFO  ResultPage :21 - getting text from[[ChromeDriver: chrome on windows (4fe40af864eb2b4851763ea28aa637b8)] -> xpath: //h2[contains(text(),'You’ll need a visa to join your family or partner in the UK')]]
